<?xml version="1.0" encoding="UTF-8"?>
<robot generator="Robot 6.0.2 (Python 3.11.2 on darwin)" generated="20230507 22:21:18.957" rpa="false" schemaversion="3">
<suite id="s1" name="Test Sign Out Button Rf" source="/Users/dev/Documents/GitHub/panelscout_robotframework_/test_sign_out_button_rf.robot">
<test id="s1-t1" name="Login to the system and logout" line="15">
<kw name="Open login page">
<kw name="Open Browser" library="SeleniumLibrary">
<arg>${LOGIN URL}</arg>
<arg>${BROWSER}</arg>
<doc>Opens a new browser instance to the optional ``url``.</doc>
<msg timestamp="20230507 22:21:19.100" level="INFO">Opening browser 'Chrome' to base url 'https://scouts.futbolkolektyw.pl/en/'.</msg>
<status status="PASS" starttime="20230507 22:21:19.100" endtime="20230507 22:21:21.320"/>
</kw>
<kw name="Title Should Be" library="SeleniumLibrary">
<arg>Scouts panel - sign in</arg>
<doc>Verifies that the current page title equals ``title``.</doc>
<msg timestamp="20230507 22:21:21.325" level="INFO">Page title is 'Scouts panel - sign in'.</msg>
<status status="PASS" starttime="20230507 22:21:21.320" endtime="20230507 22:21:21.325"/>
</kw>
<status status="PASS" starttime="20230507 22:21:19.099" endtime="20230507 22:21:21.325"/>
</kw>
<kw name="Type in email">
<kw name="Input Text" library="SeleniumLibrary">
<arg>${EMAILINPUT}</arg>
<arg>user01@getnada.com</arg>
<doc>Types the given ``text`` into the text field identified by ``locator``.</doc>
<msg timestamp="20230507 22:21:21.326" level="INFO">Typing text 'user01@getnada.com' into text field 'xpath=//*[@id='login']'.</msg>
<status status="PASS" starttime="20230507 22:21:21.325" endtime="20230507 22:21:21.510"/>
</kw>
<status status="PASS" starttime="20230507 22:21:21.325" endtime="20230507 22:21:21.510"/>
</kw>
<kw name="Type in password">
<kw name="Input Password" library="SeleniumLibrary">
<arg>${PASSWORDINPUT}</arg>
<arg>Test-1234</arg>
<doc>Types the given password into the text field identified by ``locator``.</doc>
<msg timestamp="20230507 22:21:21.511" level="INFO">Typing password into text field 'xpath=//*[@id='password']'.</msg>
<msg timestamp="20230507 22:21:21.541" level="INFO">Temporally setting log level to: NONE</msg>
<msg timestamp="20230507 22:21:21.605" level="INFO">Log level changed from NONE to INFO.</msg>
<status status="PASS" starttime="20230507 22:21:21.510" endtime="20230507 22:21:21.605"/>
</kw>
<status status="PASS" starttime="20230507 22:21:21.510" endtime="20230507 22:21:21.605"/>
</kw>
<kw name="Click on the Sign in button">
<kw name="Click Element" library="SeleniumLibrary">
<arg>${SIGNINBUTTON}</arg>
<doc>Click the element identified by ``locator``.</doc>
<msg timestamp="20230507 22:21:21.606" level="INFO">Clicking element 'xpath=//*[contains(@class, 'MuiButton-label')]'.</msg>
<status status="PASS" starttime="20230507 22:21:21.606" endtime="20230507 22:21:21.645"/>
</kw>
<status status="PASS" starttime="20230507 22:21:21.606" endtime="20230507 22:21:21.646"/>
</kw>
<kw name="Click on the Sign out button">
<kw name="Wait Until Element Is Visible" library="SeleniumLibrary">
<arg>${PAGELOGO}</arg>
<doc>Waits until the element ``locator`` is visible.</doc>
<status status="PASS" starttime="20230507 22:21:21.646" endtime="20230507 22:21:24.878"/>
</kw>
<kw name="Click Element" library="SeleniumLibrary">
<arg>${SIGNOUTBUTTON}</arg>
<doc>Click the element identified by ``locator``.</doc>
<msg timestamp="20230507 22:21:24.879" level="INFO">Clicking element 'xpath=//ul[2]/div[2]/div[2]/span'.</msg>
<status status="PASS" starttime="20230507 22:21:24.878" endtime="20230507 22:21:24.918"/>
</kw>
<status status="PASS" starttime="20230507 22:21:21.646" endtime="20230507 22:21:24.918"/>
</kw>
<kw name="Assert main title login page">
<kw name="Wait Until Element Is Visible" library="SeleniumLibrary">
<arg>${EMAILINPUT}</arg>
<doc>Waits until the element ``locator`` is visible.</doc>
<status status="PASS" starttime="20230507 22:21:24.919" endtime="20230507 22:21:24.934"/>
</kw>
<kw name="Title Should Be" library="SeleniumLibrary">
<arg>Scouts panel - sign in</arg>
<doc>Verifies that the current page title equals ``title``.</doc>
<msg timestamp="20230507 22:21:24.937" level="INFO">Page title is 'Scouts panel - sign in'.</msg>
<status status="PASS" starttime="20230507 22:21:24.934" endtime="20230507 22:21:24.937"/>
</kw>
<kw name="Capture Page Screenshot" library="SeleniumLibrary">
<arg>alert.png</arg>
<doc>Takes a screenshot of the current page and embeds it into a log file.</doc>
<msg timestamp="20230507 22:21:25.150" level="INFO" html="true">&lt;/td&gt;&lt;/tr&gt;&lt;tr&gt;&lt;td colspan="3"&gt;&lt;a href="alert.png"&gt;&lt;img src="alert.png" width="800px"&gt;&lt;/a&gt;</msg>
<status status="PASS" starttime="20230507 22:21:24.937" endtime="20230507 22:21:25.150"/>
</kw>
<status status="PASS" starttime="20230507 22:21:24.919" endtime="20230507 22:21:25.150"/>
</kw>
<kw name="Close Browser" library="SeleniumLibrary" type="TEARDOWN">
<doc>Closes the current browser.</doc>
<status status="PASS" starttime="20230507 22:21:25.151" endtime="20230507 22:21:25.243"/>
</kw>
<status status="PASS" starttime="20230507 22:21:19.099" endtime="20230507 22:21:25.243"/>
</test>
<doc>Suite description #automated test for scout website</doc>
<status status="PASS" starttime="20230507 22:21:18.958" endtime="20230507 22:21:25.244"/>
</suite>
<statistics>
<total>
<stat pass="1" fail="0" skip="0">All Tests</stat>
</total>
<tag>
</tag>
<suite>
<stat pass="1" fail="0" skip="0" id="s1" name="Test Sign Out Button Rf">Test Sign Out Button Rf</stat>
</suite>
</statistics>
<errors>
</errors>
</robot>
